<?xml version="1.0" encoding="UTF-8"?>
<!-- Generated by org.testng.reporters.JUnitReportReporter -->
<testsuite hostname="LAPTOP-5KMFOFH9" failures="0" tests="1" name="dataDrivenTest.ScreenShotDemo" time="5.721" errors="0" timestamp="2024-06-23T12:48:51 IST" skipped="0">
  <testcase classname="dataDrivenTest.ScreenShotDemo" name="capture" time="5.721"/>
  <system-out/>
</testsuite> <!-- dataDrivenTest.ScreenShotDemo -->
