<?xml version="1.0" encoding="UTF-8"?>
<!-- Generated by org.testng.reporters.JUnitReportReporter -->
<testsuite hostname="LAPTOP-5KMFOFH9" failures="0" tests="3" name="testNgDemo.GroupingTest" time="0.018" errors="0" timestamp="2024-06-15T13:24:00 IST" skipped="0">
  <testcase classname="testNgDemo.GroupingTest" name="loginTest" time="0.016"/>
  <system-out/>
  <testcase classname="testNgDemo.GroupingTest" name="searchTest" time="0.001"/>
  <system-out/>
  <testcase classname="testNgDemo.GroupingTest" name="addToCartTest" time="0.001"/>
  <system-out/>
</testsuite> <!-- testNgDemo.GroupingTest -->
