<?xml version="1.0" encoding="UTF-8"?>
<!-- Generated by org.testng.reporters.JUnitReportReporter -->
<testsuite hostname="LAPTOP-5KMFOFH9" failures="0" tests="1" name="testngDataPassing.ReadHRMDataFromProperties" time="8.030" errors="0" timestamp="2024-06-16T12:42:08 IST" skipped="0">
  <testcase classname="testngDataPassing.ReadHRMDataFromProperties" name="hrmTest" time="8.030"/>
  <system-out/>
</testsuite> <!-- testngDataPassing.ReadHRMDataFromProperties -->
