<?xml version="1.0" encoding="UTF-8"?>
<!-- Generated by org.testng.reporters.JUnitReportReporter -->
<testsuite hostname="LAPTOP-5KMFOFH9" failures="0" tests="4" name="com.SwagLab.TestCases.CartPageTest" time="5.845" errors="0" timestamp="2024-06-22T13:34:04 IST" skipped="0">
  <testcase classname="com.SwagLab.TestCases.CartPageTest" name="verifyDescription" time="1.035"/>
  <system-out/>
  <testcase classname="com.SwagLab.TestCases.CartPageTest" name="validateRemove" time="1.084"/>
  <system-out/>
  <testcase classname="com.SwagLab.TestCases.CartPageTest" name="validateContinueShopping" time="2.544"/>
  <system-out/>
  <testcase classname="com.SwagLab.TestCases.CartPageTest" name="verifyCheckOutPage" time="1.182"/>
  <system-out/>
</testsuite> <!-- com.SwagLab.TestCases.CartPageTest -->
