<?xml version="1.0" encoding="UTF-8"?>
<!-- Generated by org.testng.reporters.JUnitReportReporter -->
<testsuite hostname="LAPTOP-5KMFOFH9" failures="0" tests="3" name="dataDrivenTest.DataDrivenDemo1_Array" time="0.015" errors="0" timestamp="2024-06-23T11:37:19 IST" skipped="0">
  <testcase classname="dataDrivenTest.DataDrivenDemo1_Array" name="loginTest" time="0.001"/>
  <system-out/>
  <testcase classname="dataDrivenTest.DataDrivenDemo1_Array" name="loginTest" time="0.012"/>
  <system-out/>
  <testcase classname="dataDrivenTest.DataDrivenDemo1_Array" name="loginTest" time="0.002"/>
  <system-out/>
</testsuite> <!-- dataDrivenTest.DataDrivenDemo1_Array -->
