<?xml version="1.0" encoding="UTF-8"?>
<!-- Generated by org.testng.reporters.JUnitReportReporter -->
<testsuite hostname="LAPTOP-5KMFOFH9" failures="0" tests="1" name="testngDataPassing.AssertionDemo" time="0.022" errors="0" timestamp="2024-06-16T12:17:22 IST" skipped="0">
  <testcase classname="testngDataPassing.AssertionDemo" name="softAssertionTest" time="0.022"/>
  <system-out/>
</testsuite> <!-- testngDataPassing.AssertionDemo -->
