<?xml version="1.0" encoding="UTF-8"?>
<!-- Generated by org.testng.reporters.JUnitReportReporter -->
<testsuite hostname="LAPTOP-5KMFOFH9" failures="0" tests="1" name="dataDrivenTest.ExcelReader" time="1.038" errors="0" timestamp="2024-06-23T12:14:18 IST" skipped="0">
  <testcase classname="dataDrivenTest.ExcelReader" name="fileRead" time="1.038"/>
  <system-out/>
</testsuite> <!-- dataDrivenTest.ExcelReader -->
