<?xml version="1.0" encoding="UTF-8"?>
<!-- Generated by org.testng.reporters.JUnitReportReporter -->
<testsuite hostname="LAPTOP-5KMFOFH9" failures="0" tests="7" name="testNgDemo.TestDemo_Invocationcount" time="0.025" errors="0" timestamp="2024-06-15T12:52:55 IST" skipped="0">
  <testcase classname="testNgDemo.TestDemo_Invocationcount" name="registerTest" time="0.013"/>
  <system-out/>
  <testcase classname="testNgDemo.TestDemo_Invocationcount" name="loginTest" time="0.001"/>
  <system-out/>
  <testcase classname="testNgDemo.TestDemo_Invocationcount" name="loginTest" time="0.001"/>
  <system-out/>
  <testcase classname="testNgDemo.TestDemo_Invocationcount" name="loginTest" time="0.003"/>
  <system-out/>
  <testcase classname="testNgDemo.TestDemo_Invocationcount" name="searchTest" time="0.001"/>
  <system-out/>
  <testcase classname="testNgDemo.TestDemo_Invocationcount" name="addToCartTest" time="0.004"/>
  <system-out/>
  <testcase classname="testNgDemo.TestDemo_Invocationcount" name="logoutTest" time="0.002"/>
  <system-out/>
</testsuite> <!-- testNgDemo.TestDemo_Invocationcount -->
