<?xml version="1.0" encoding="UTF-8"?>
<!-- Generated by org.testng.reporters.JUnitReportReporter -->
<testsuite hostname="LAPTOP-5KMFOFH9" failures="0" tests="2" name="realTimeAnnotationUse.CRMApplicationTest" time="1.954" errors="0" timestamp="2024-06-16T11:14:28 IST" skipped="0">
  <testcase classname="realTimeAnnotationUse.CRMApplicationTest" name="signIn" time="0.870"/>
  <system-out/>
  <testcase classname="realTimeAnnotationUse.CRMApplicationTest" name="loginTest" time="1.084"/>
  <system-out/>
</testsuite> <!-- realTimeAnnotationUse.CRMApplicationTest -->
