<?xml version="1.0" encoding="UTF-8"?>
<!-- Generated by org.testng.reporters.JUnitReportReporter -->
<testsuite hostname="LAPTOP-5KMFOFH9" failures="0" tests="4" name="com.SwagLab.TestCases.CartPageTest" time="6.238" errors="0" timestamp="2024-06-23T12:59:34 IST" skipped="0">
  <testcase classname="com.SwagLab.TestCases.CartPageTest" name="verifyDescription" time="1.035"/>
  <system-out/>
  <testcase classname="com.SwagLab.TestCases.CartPageTest" name="validateRemove" time="1.201"/>
  <system-out/>
  <testcase classname="com.SwagLab.TestCases.CartPageTest" name="validateContinueShopping" time="2.723"/>
  <system-out/>
  <testcase classname="com.SwagLab.TestCases.CartPageTest" name="verifyCheckOutPage" time="1.279"/>
  <system-out/>
</testsuite> <!-- com.SwagLab.TestCases.CartPageTest -->
