<?xml version="1.0" encoding="UTF-8"?>
<!-- Generated by org.testng.reporters.JUnitReportReporter -->
<testsuite hostname="LAPTOP-5KMFOFH9" failures="0" tests="3" name="pageObjectModel.LoginPageTest" time="1.944" errors="0" timestamp="2024-06-22T11:18:28 IST" skipped="0">
  <testcase classname="pageObjectModel.LoginPageTest" name="verifyUrl" time="0.018"/>
  <system-out/>
  <testcase classname="pageObjectModel.LoginPageTest" name="verifyTitle" time="0.013"/>
  <system-out/>
  <testcase classname="pageObjectModel.LoginPageTest" name="verifyLogin" time="1.913"/>
  <system-out/>
</testsuite> <!-- pageObjectModel.LoginPageTest -->
