<?xml version="1.0" encoding="UTF-8"?>
<!-- Generated by org.testng.reporters.JUnitReportReporter -->
<testsuite hostname="LAPTOP-5KMFOFH9" failures="0" tests="3" name="testNgDemo.AnnotationsDemo" time="0.014" errors="0" timestamp="2024-06-16T10:58:05 IST" skipped="0">
  <testcase classname="testNgDemo.AnnotationsDemo" name="RegisterTest" time="0.008"/>
  <system-out/>
  <testcase classname="testNgDemo.AnnotationsDemo" name="loginTest" time="0.002"/>
  <system-out/>
  <testcase classname="testNgDemo.AnnotationsDemo" name="logoutTest" time="0.004"/>
  <system-out/>
</testsuite> <!-- testNgDemo.AnnotationsDemo -->
