<?xml version="1.0" encoding="UTF-8"?>
<!-- Generated by org.testng.reporters.JUnitReportReporter -->
<testsuite hostname="LAPTOP-5KMFOFH9" failures="0" tests="1" name="com.SwagLab.TestCases.CheckOutPageTest" time="0.608" errors="0" timestamp="2024-06-23T12:59:34 IST" skipped="0">
  <testcase classname="com.SwagLab.TestCases.CheckOutPageTest" name="validateCheckOut" time="0.608"/>
  <system-out/>
</testsuite> <!-- com.SwagLab.TestCases.CheckOutPageTest -->
