<?xml version="1.0" encoding="UTF-8"?>
<!-- Generated by org.testng.reporters.JUnitReportReporter -->
<testsuite hostname="LAPTOP-5KMFOFH9" failures="0" tests="3" name="parallelTest.ParallelTestOnBrowser_Method" time="21.365" errors="0" timestamp="2024-06-16T12:50:24 IST" skipped="0">
  <testcase classname="parallelTest.ParallelTestOnBrowser_Method" name="chromeTest" time="6.116"/>
  <system-out/>
  <testcase classname="parallelTest.ParallelTestOnBrowser_Method" name="firefoxTest" time="8.084"/>
  <system-out/>
  <testcase classname="parallelTest.ParallelTestOnBrowser_Method" name="edgeTest" time="7.165"/>
  <system-out/>
</testsuite> <!-- parallelTest.ParallelTestOnBrowser_Method -->
