<?xml version="1.0" encoding="UTF-8"?>
<!-- Generated by org.testng.reporters.JUnitReportReporter -->
<testsuite hostname="LAPTOP-5KMFOFH9" failures="0" tests="1" name="dataDrivenTest.FullPageScreenshotTest" time="11.909" errors="0" timestamp="2024-06-29T10:55:49 IST" skipped="0">
  <testcase classname="dataDrivenTest.FullPageScreenshotTest" name="CompletePageScreenshotTest" time="11.909"/>
  <system-out/>
</testsuite> <!-- dataDrivenTest.FullPageScreenshotTest -->
