<?xml version="1.0" encoding="UTF-8"?>
<!-- Generated by org.testng.reporters.JUnitReportReporter -->
<testsuite hostname="LAPTOP-5KMFOFH9" failures="0" tests="1" name="parallelTest.ChromeTestCase" time="5.172" errors="0" timestamp="2024-06-16T12:54:26 IST" skipped="0">
  <testcase classname="parallelTest.ChromeTestCase" name="f" time="5.172"/>
  <system-out/>
</testsuite> <!-- parallelTest.ChromeTestCase -->
