<?xml version="1.0" encoding="UTF-8"?>
<!-- Generated by org.testng.reporters.JUnitReportReporter -->
<testsuite hostname="LAPTOP-5KMFOFH9" failures="0" tests="2" name="testNgDemo.TestDemo_PriorityAtribute" time="11.588" errors="0" timestamp="2024-06-16T10:40:59 IST" skipped="0">
  <testcase classname="testNgDemo.TestDemo_PriorityAtribute" name="signIn" time="10.675"/>
  <system-out/>
  <testcase classname="testNgDemo.TestDemo_PriorityAtribute" name="login" time="0.913"/>
  <system-out/>
</testsuite> <!-- testNgDemo.TestDemo_PriorityAtribute -->
