<?xml version="1.0" encoding="UTF-8"?>
<!-- Generated by org.testng.reporters.JUnitReportReporter -->
<testsuite hostname="LAPTOP-5KMFOFH9" failures="0" tests="2" name="com.SwagLab.TestCases.OverViewPageTest" time="0.430" errors="0" timestamp="2024-06-23T12:59:34 IST" skipped="0">
  <testcase classname="com.SwagLab.TestCases.OverViewPageTest" name="verifySummary" time="0.146"/>
  <system-out/>
  <testcase classname="com.SwagLab.TestCases.OverViewPageTest" name="validateFinish" time="0.284"/>
  <system-out/>
</testsuite> <!-- com.SwagLab.TestCases.OverViewPageTest -->
