<?xml version="1.0" encoding="UTF-8"?>
<!-- Generated by org.testng.reporters.JUnitReportReporter -->
<testsuite hostname="LAPTOP-5KMFOFH9" failures="0" tests="5" name="testNgDemo.TestDemo_BasicArguments" time="0.005" errors="0" timestamp="2024-06-16T10:40:59 IST" skipped="0">
  <testcase classname="testNgDemo.TestDemo_BasicArguments" name="registerTest" time="0.001"/>
  <system-out/>
  <testcase classname="testNgDemo.TestDemo_BasicArguments" name="loginTest" time="0.002"/>
  <system-out/>
  <testcase classname="testNgDemo.TestDemo_BasicArguments" name="searchTest" time="0.000"/>
  <system-out/>
  <testcase classname="testNgDemo.TestDemo_BasicArguments" name="addToCartTest" time="0.001"/>
  <system-out/>
  <testcase classname="testNgDemo.TestDemo_BasicArguments" name="logoutTest" time="0.001"/>
  <system-out/>
</testsuite> <!-- testNgDemo.TestDemo_BasicArguments -->
