<?xml version="1.0" encoding="UTF-8"?>
<!-- Generated by org.testng.reporters.JUnitReportReporter -->
<testsuite hostname="LAPTOP-5KMFOFH9" failures="0" tests="3" name="parallelTest.CrossBrowserTest" time="28.862" errors="0" timestamp="2024-06-16T13:02:47 IST" skipped="0">
  <testcase classname="parallelTest.CrossBrowserTest" name="testOnBrowsers" time="11.537"/>
  <system-out/>
  <testcase classname="parallelTest.CrossBrowserTest" name="testOnBrowsers" time="7.708"/>
  <system-out/>
  <testcase classname="parallelTest.CrossBrowserTest" name="testOnBrowsers" time="9.617"/>
  <system-out/>
</testsuite> <!-- parallelTest.CrossBrowserTest -->
