<?xml version="1.0" encoding="UTF-8"?>
<!-- Generated by org.testng.reporters.JUnitReportReporter -->
<testsuite hostname="LAPTOP-5KMFOFH9" failures="0" tests="1" name="testngDataPassing.HRmDataPassingUsingXML" time="14.351" errors="0" timestamp="2024-06-16T12:19:16 IST" skipped="0">
  <testcase classname="testngDataPassing.HRmDataPassingUsingXML" name="hrmLogin" time="14.351"/>
  <system-out/>
</testsuite> <!-- testngDataPassing.HRmDataPassingUsingXML -->
