<?xml version="1.0" encoding="UTF-8"?>
<!-- Generated by org.testng.reporters.JUnitReportReporter -->
<testsuite hostname="LAPTOP-5KMFOFH9" failures="0" tests="4" name="com.SwagLab.TestCases.InventoryPageTest" time="2.866" errors="0" timestamp="2024-06-30T13:00:34 IST" skipped="0">
  <testcase classname="com.SwagLab.TestCases.InventoryPageTest" name="verifyProductCount" time="0.035"/>
  <system-out/>
  <testcase classname="com.SwagLab.TestCases.InventoryPageTest" name="verifyProductList" time="0.242"/>
  <system-out/>
  <testcase classname="com.SwagLab.TestCases.InventoryPageTest" name="ValidateAddToCart" time="1.397"/>
  <system-out/>
  <testcase classname="com.SwagLab.TestCases.InventoryPageTest" name="verifyCartPage" time="1.192"/>
  <system-out/>
</testsuite> <!-- com.SwagLab.TestCases.InventoryPageTest -->
