<?xml version="1.0" encoding="UTF-8"?>
<!-- Generated by org.testng.reporters.JUnitReportReporter -->
<testsuite hostname="LAPTOP-5KMFOFH9" failures="0" tests="1" name="testngDataPassing.ReadDataFromPeropertiesFile" time="0.015" errors="0" timestamp="2024-06-16T12:34:11 IST" skipped="0">
  <testcase classname="testngDataPassing.ReadDataFromPeropertiesFile" name="fileRead" time="0.015"/>
  <system-out/>
</testsuite> <!-- testngDataPassing.ReadDataFromPeropertiesFile -->
