<?xml version="1.0" encoding="UTF-8"?>
<!-- Generated by org.testng.reporters.JUnitReportReporter -->
<testsuite hostname="LAPTOP-5KMFOFH9" failures="0" tests="3" name="pageObjectModel_PageFactory.LoginPageTest" time="0.816" errors="0" timestamp="2024-06-23T11:10:02 IST" skipped="0">
  <testcase classname="pageObjectModel_PageFactory.LoginPageTest" name="verifyUrl" time="0.022"/>
  <system-out/>
  <testcase classname="pageObjectModel_PageFactory.LoginPageTest" name="verifyTitle" time="0.016"/>
  <system-out/>
  <testcase classname="pageObjectModel_PageFactory.LoginPageTest" name="validationLogin" time="0.778"/>
  <system-out/>
</testsuite> <!-- pageObjectModel_PageFactory.LoginPageTest -->
