<?xml version="1.0" encoding="UTF-8"?>
<!-- Generated by org.testng.reporters.JUnitReportReporter -->
<testsuite hostname="LAPTOP-5KMFOFH9" failures="0" tests="1" name="report.ExtentReportDemo" time="0.962" errors="0" timestamp="2024-06-30T12:29:26 IST" skipped="0">
  <testcase classname="report.ExtentReportDemo" name="testReport" time="0.962"/>
  <system-out/>
</testsuite> <!-- report.ExtentReportDemo -->
