<?xml version="1.0" encoding="UTF-8"?>
<!-- Generated by org.testng.reporters.JUnitReportReporter -->
<testsuite hostname="LAPTOP-5KMFOFH9" failures="0" tests="4" name="com.SwagLab.TestCases.CartPageTest" time="6.395" errors="0" timestamp="2024-06-30T13:00:34 IST" skipped="0">
  <testcase classname="com.SwagLab.TestCases.CartPageTest" name="verifyDescription" time="1.039"/>
  <system-out/>
  <testcase classname="com.SwagLab.TestCases.CartPageTest" name="validateRemove" time="1.281"/>
  <system-out/>
  <testcase classname="com.SwagLab.TestCases.CartPageTest" name="validateContinueShopping" time="2.751"/>
  <system-out/>
  <testcase classname="com.SwagLab.TestCases.CartPageTest" name="verifyCheckOutPage" time="1.324"/>
  <system-out/>
</testsuite> <!-- com.SwagLab.TestCases.CartPageTest -->
