<?xml version="1.0" encoding="UTF-8"?>
<!-- Generated by org.testng.reporters.JUnitReportReporter -->
<testsuite hostname="LAPTOP-5KMFOFH9" failures="0" tests="2" name="testNgDemo.TestDemo_PriorityAtribute" time="6.664" errors="0" timestamp="2024-06-15T12:43:24 IST" skipped="0">
  <testcase classname="testNgDemo.TestDemo_PriorityAtribute" name="signIn" time="5.527"/>
  <system-out/>
  <testcase classname="testNgDemo.TestDemo_PriorityAtribute" name="login" time="1.137"/>
  <system-out/>
</testsuite> <!-- testNgDemo.TestDemo_PriorityAtribute -->
