<?xml version="1.0" encoding="UTF-8"?>
<!-- Generated by org.testng.reporters.JUnitReportReporter -->
<testsuite hostname="LAPTOP-5KMFOFH9" failures="0" tests="2" name="testNgDemo.TestDemo_EnableArgument" time="0.010" errors="0" timestamp="2024-06-15T13:17:45 IST" skipped="1">
  <testcase classname="testNgDemo.TestDemo_EnableArgument" name="loginTest" time="0.010"/>
  <system-out/>
  <testcase classname="testNgDemo.TestDemo_EnableArgument" name="logoutTest">
    <skipped/>
  </testcase> <!-- logoutTest -->
  <system-out/>
</testsuite> <!-- testNgDemo.TestDemo_EnableArgument -->
